[debug] [2021-11-14T03:29:53.786Z] ----------------------------------------------------------------------
[debug] [2021-11-14T03:29:53.788Z] Command:       /usr/local/bin/node /usr/local/bin/firebase emulators:start --only functions
[debug] [2021-11-14T03:29:53.788Z] CLI Version:   9.22.0
[debug] [2021-11-14T03:29:53.789Z] Platform:      linux
[debug] [2021-11-14T03:29:53.789Z] Node Version:  v12.18.3
[debug] [2021-11-14T03:29:53.789Z] Time:          Sun Nov 14 2021 03:29:53 GMT+0000 (GMT)
[debug] [2021-11-14T03:29:53.789Z] ----------------------------------------------------------------------
[debug] 
[debug] [2021-11-14T03:29:53.839Z] > command requires scopes: ["email","openid","https://www.googleapis.com/auth/cloudplatformprojects.readonly","https://www.googleapis.com/auth/firebase","https://www.googleapis.com/auth/cloud-platform"]
[debug] [2021-11-14T03:29:53.840Z] > authorizing via signed-in user (ntebejt@gmail.com)
[info] i  emulators: Starting emulators: functions {"metadata":{"emulator":{"name":"hub"},"message":"Starting emulators: functions"}}
[debug] [2021-11-14T03:29:53.852Z] [hub] writing locator at /tmp/hub-mealstogo-8109e.json
[warn] ⚠  functions: The following emulators are not running, calls to these services from the Functions emulator will affect production: auth, firestore, database, hosting, pubsub, storage {"metadata":{"emulator":{"name":"functions"},"message":"The following emulators are not running, calls to these services from the Functions emulator will affect production: \u001b[1mauth, firestore, database, hosting, pubsub, storage\u001b[22m"}}
[info] ✔  functions: Using node@12 from host. {"metadata":{"emulator":{"name":"functions"},"message":"Using node@12 from host."}}
[debug] [2021-11-14T03:29:53.883Z] defaultcredentials: writing to file /home/joel/.config/firebase/ntebejt_gmail_com_application_default_credentials.json
[debug] [2021-11-14T03:29:53.884Z] Setting GAC to /home/joel/.config/firebase/ntebejt_gmail_com_application_default_credentials.json {"metadata":{"emulator":{"name":"functions"},"message":"Setting GAC to /home/joel/.config/firebase/ntebejt_gmail_com_application_default_credentials.json"}}
[debug] [2021-11-14T03:29:53.886Z] >>> [apiv2][query] GET https://firebase.googleapis.com/v1beta1/projects/mealstogo-8109e/adminSdkConfig [none]
[debug] [2021-11-14T03:29:55.026Z] <<< [apiv2][status] GET https://firebase.googleapis.com/v1beta1/projects/mealstogo-8109e/adminSdkConfig 200
[debug] [2021-11-14T03:29:55.027Z] <<< [apiv2][body] GET https://firebase.googleapis.com/v1beta1/projects/mealstogo-8109e/adminSdkConfig {"projectId":"mealstogo-8109e","storageBucket":"mealstogo-8109e.appspot.com"}
[debug] [2021-11-14T03:29:55.109Z] Ignoring unsupported arg: auto_download {"metadata":{"emulator":{"name":"ui"},"message":"Ignoring unsupported arg: auto_download"}}
[debug] [2021-11-14T03:29:55.110Z] Ignoring unsupported arg: port {"metadata":{"emulator":{"name":"ui"},"message":"Ignoring unsupported arg: port"}}
[debug] [2021-11-14T03:29:55.110Z] Starting Emulator UI with command {"binary":"node","args":["/home/joel/.cache/firebase/emulators/ui-v1.6.4/server.bundle.js"],"optionalArgs":[],"joinArgs":false} {"metadata":{"emulator":{"name":"ui"},"message":"Starting Emulator UI with command {\"binary\":\"node\",\"args\":[\"/home/joel/.cache/firebase/emulators/ui-v1.6.4/server.bundle.js\"],\"optionalArgs\":[],\"joinArgs\":false}"}}
[info] i  ui: Emulator UI logging to ui-debug.log {"metadata":{"emulator":{"name":"ui"},"message":"Emulator UI logging to \u001b[1mui-debug.log\u001b[22m"}}
[debug] [2021-11-14T03:29:55.210Z] Web / API server started at localhost:4000
 {"metadata":{"emulator":{"name":"ui"},"message":"Web / API server started at localhost:4000\n"}}
[info] i  functions: Watching "/home/joel/Projects/Tps/ReactNative-courses/MealsToGo/functions" for Cloud Functions... {"metadata":{"emulator":{"name":"functions"},"message":"Watching \"/home/joel/Projects/Tps/ReactNative-courses/MealsToGo/functions\" for Cloud Functions..."}}
[debug] [2021-11-14T03:29:55.410Z] [worker-pool] addWorker(~diagnostic~) {"metadata":{"emulator":{"name":"functions"},"message":"[worker-pool] addWorker(~diagnostic~)"}}
[debug] [2021-11-14T03:29:55.411Z] [worker-pool] Adding worker with key ~diagnostic~, total=1 {"metadata":{"emulator":{"name":"functions"},"message":"[worker-pool] Adding worker with key ~diagnostic~, total=1"}}
[debug] [2021-11-14T03:29:55.412Z] [worker-pool] submitWork(triggerId=) {"metadata":{"emulator":{"name":"functions"},"message":"[worker-pool] submitWork(triggerId=)"}}
[debug] [2021-11-14T03:29:55.413Z] [worker-~diagnostic~-09a944c6-f522-4eed-a762-7a7bc9f7999e]: Assigning socketPath: /tmp/fire_emu_59459.sock {"metadata":{"emulator":{"name":"functions"},"message":"[worker-~diagnostic~-09a944c6-f522-4eed-a762-7a7bc9f7999e]: Assigning socketPath: /tmp/fire_emu_59459.sock"}}
[debug] [2021-11-14T03:29:55.414Z] [worker-~diagnostic~-09a944c6-f522-4eed-a762-7a7bc9f7999e]: BUSY {"metadata":{"emulator":{"name":"functions"},"message":"[worker-~diagnostic~-09a944c6-f522-4eed-a762-7a7bc9f7999e]: BUSY"}}
[debug] [2021-11-14T03:29:55.537Z] [runtime-status] [59459] Functions runtime initialized. {"cwd":"/home/joel/Projects/Tps/ReactNative-courses/MealsToGo/functions","node_version":"12.18.3"} {"metadata":{"emulator":{"name":"functions"},"message":"[runtime-status] [59459] Functions runtime initialized. {\"cwd\":\"/home/joel/Projects/Tps/ReactNative-courses/MealsToGo/functions\",\"node_version\":\"12.18.3\"}"}}
[debug] [2021-11-14T03:29:55.539Z] [runtime-status] [59459] Disabled runtime features: undefined {"metadata":{"emulator":{"name":"functions"},"message":"[runtime-status] [59459] Disabled runtime features: undefined"}}
[debug] [2021-11-14T03:29:55.541Z] [runtime-status] [59459] Resolved module firebase-admin {"declared":true,"installed":true,"version":"9.12.0","resolution":"/home/joel/Projects/Tps/ReactNative-courses/MealsToGo/functions/node_modules/firebase-admin/lib/index.js"} {"metadata":{"emulator":{"name":"functions"},"message":"[runtime-status] [59459] Resolved module firebase-admin {\"declared\":true,\"installed\":true,\"version\":\"9.12.0\",\"resolution\":\"/home/joel/Projects/Tps/ReactNative-courses/MealsToGo/functions/node_modules/firebase-admin/lib/index.js\"}"}}
[debug] [2021-11-14T03:29:55.542Z] [runtime-status] [59459] Resolved module firebase-functions {"declared":true,"installed":true,"version":"3.16.0","resolution":"/home/joel/Projects/Tps/ReactNative-courses/MealsToGo/functions/node_modules/firebase-functions/lib/index.js"} {"metadata":{"emulator":{"name":"functions"},"message":"[runtime-status] [59459] Resolved module firebase-functions {\"declared\":true,\"installed\":true,\"version\":\"3.16.0\",\"resolution\":\"/home/joel/Projects/Tps/ReactNative-courses/MealsToGo/functions/node_modules/firebase-functions/lib/index.js\"}"}}
[debug] [2021-11-14T03:29:55.543Z] [runtime-status] [59459] Outgoing network have been stubbed. [{"name":"http","status":"mocked"},{"name":"http","status":"mocked"},{"name":"https","status":"mocked"},{"name":"https","status":"mocked"},{"name":"net","status":"mocked"}] {"metadata":{"emulator":{"name":"functions"},"message":"[runtime-status] [59459] Outgoing network have been stubbed. [{\"name\":\"http\",\"status\":\"mocked\"},{\"name\":\"http\",\"status\":\"mocked\"},{\"name\":\"https\",\"status\":\"mocked\"},{\"name\":\"https\",\"status\":\"mocked\"},{\"name\":\"net\",\"status\":\"mocked\"}]"}}
[debug] [2021-11-14T03:29:55.544Z] [runtime-status] [59459] Resolved module firebase-functions {"declared":true,"installed":true,"version":"3.16.0","resolution":"/home/joel/Projects/Tps/ReactNative-courses/MealsToGo/functions/node_modules/firebase-functions/lib/index.js"} {"metadata":{"emulator":{"name":"functions"},"message":"[runtime-status] [59459] Resolved module firebase-functions {\"declared\":true,\"installed\":true,\"version\":\"3.16.0\",\"resolution\":\"/home/joel/Projects/Tps/ReactNative-courses/MealsToGo/functions/node_modules/firebase-functions/lib/index.js\"}"}}
[debug] [2021-11-14T03:29:55.582Z] [runtime-status] [59459] Checked functions.config() {"config":{"geocodeplaces":{"key":"AIzaSyAp96TbAiJiMnohjZ8NHmyU4kxxfcPC_Wk"}}} {"metadata":{"emulator":{"name":"functions"},"message":"[runtime-status] [59459] Checked functions.config() {\"config\":{\"geocodeplaces\":{\"key\":\"AIzaSyAp96TbAiJiMnohjZ8NHmyU4kxxfcPC_Wk\"}}}"}}
[debug] [2021-11-14T03:29:55.582Z] [runtime-status] [59459] firebase-functions has been stubbed. {"functionsResolution":{"declared":true,"installed":true,"version":"3.16.0","resolution":"/home/joel/Projects/Tps/ReactNative-courses/MealsToGo/functions/node_modules/firebase-functions/lib/index.js"}} {"metadata":{"emulator":{"name":"functions"},"message":"[runtime-status] [59459] firebase-functions has been stubbed. {\"functionsResolution\":{\"declared\":true,\"installed\":true,\"version\":\"3.16.0\",\"resolution\":\"/home/joel/Projects/Tps/ReactNative-courses/MealsToGo/functions/node_modules/firebase-functions/lib/index.js\"}}"}}
[debug] [2021-11-14T03:29:55.583Z] [runtime-status] [59459] Resolved module firebase-functions {"declared":true,"installed":true,"version":"3.16.0","resolution":"/home/joel/Projects/Tps/ReactNative-courses/MealsToGo/functions/node_modules/firebase-functions/lib/index.js"} {"metadata":{"emulator":{"name":"functions"},"message":"[runtime-status] [59459] Resolved module firebase-functions {\"declared\":true,\"installed\":true,\"version\":\"3.16.0\",\"resolution\":\"/home/joel/Projects/Tps/ReactNative-courses/MealsToGo/functions/node_modules/firebase-functions/lib/index.js\"}"}}
[debug] [2021-11-14T03:29:55.584Z] [runtime-status] [59459] Resolved module firebase-admin {"declared":true,"installed":true,"version":"9.12.0","resolution":"/home/joel/Projects/Tps/ReactNative-courses/MealsToGo/functions/node_modules/firebase-admin/lib/index.js"} {"metadata":{"emulator":{"name":"functions"},"message":"[runtime-status] [59459] Resolved module firebase-admin {\"declared\":true,\"installed\":true,\"version\":\"9.12.0\",\"resolution\":\"/home/joel/Projects/Tps/ReactNative-courses/MealsToGo/functions/node_modules/firebase-admin/lib/index.js\"}"}}
[debug] [2021-11-14T03:29:55.584Z] [runtime-status] [59459] Resolved module firebase-functions {"declared":true,"installed":true,"version":"3.16.0","resolution":"/home/joel/Projects/Tps/ReactNative-courses/MealsToGo/functions/node_modules/firebase-functions/lib/index.js"} {"metadata":{"emulator":{"name":"functions"},"message":"[runtime-status] [59459] Resolved module firebase-functions {\"declared\":true,\"installed\":true,\"version\":\"3.16.0\",\"resolution\":\"/home/joel/Projects/Tps/ReactNative-courses/MealsToGo/functions/node_modules/firebase-functions/lib/index.js\"}"}}
[debug] [2021-11-14T03:29:55.584Z] [runtime-status] [59459] firebase-admin has been stubbed. {"adminResolution":{"declared":true,"installed":true,"version":"9.12.0","resolution":"/home/joel/Projects/Tps/ReactNative-courses/MealsToGo/functions/node_modules/firebase-admin/lib/index.js"}} {"metadata":{"emulator":{"name":"functions"},"message":"[runtime-status] [59459] firebase-admin has been stubbed. {\"adminResolution\":{\"declared\":true,\"installed\":true,\"version\":\"9.12.0\",\"resolution\":\"/home/joel/Projects/Tps/ReactNative-courses/MealsToGo/functions/node_modules/firebase-admin/lib/index.js\"}}"}}
[info] ✔  functions[us-central1-geocode]: http function initialized (http://localhost:5001/mealstogo-8109e/us-central1/geocode). {"metadata":{"emulator":{"name":"functions"},"message":"\u001b[1mhttp\u001b[22m function initialized (http://localhost:5001/mealstogo-8109e/us-central1/geocode)."}}
[info] ✔  functions[us-central1-placesNearby]: http function initialized (http://localhost:5001/mealstogo-8109e/us-central1/placesNearby). {"metadata":{"emulator":{"name":"functions"},"message":"\u001b[1mhttp\u001b[22m function initialized (http://localhost:5001/mealstogo-8109e/us-central1/placesNearby)."}}
[info] 
┌─────────────────────────────────────────────────────────────┐
│ ✔  All emulators ready! It is now safe to connect your app. │
│ i  View Emulator UI at http://localhost:4000                │
└─────────────────────────────────────────────────────────────┘

┌───────────┬────────────────┬─────────────────────────────────┐
│ Emulator  │ Host:Port      │ View in Emulator UI             │
├───────────┼────────────────┼─────────────────────────────────┤
│ Functions │ localhost:5001 │ http://localhost:4000/functions │
└───────────┴────────────────┴─────────────────────────────────┘
  Emulator Hub running at localhost:4400
  Other reserved ports: 4500

Issues? Report them at https://github.com/firebase/firebase-tools/issues and attach the *-debug.log files.
 
[debug] [2021-11-14T03:29:55.638Z] [worker-~diagnostic~-09a944c6-f522-4eed-a762-7a7bc9f7999e]: IDLE {"metadata":{"emulator":{"name":"functions"},"message":"[worker-~diagnostic~-09a944c6-f522-4eed-a762-7a7bc9f7999e]: IDLE"}}
[debug] [2021-11-14T03:30:00.303Z] [work-queue] {"queueLength":1,"workRunningCount":0}
[debug] [2021-11-14T03:30:00.303Z] [work-queue] {"queueLength":0,"workRunningCount":1}
[debug] [2021-11-14T03:30:00.304Z] Accepted request GET /mealstogo-8109e/us-central1/placesNearby?location=37.7749295,-122.4194155 --> us-central1-placesNearby
[debug] [2021-11-14T03:30:00.312Z] [worker-pool] addWorker(us-central1-placesNearby) {"metadata":{"emulator":{"name":"functions"},"message":"[worker-pool] addWorker(us-central1-placesNearby)"}}
[debug] [2021-11-14T03:30:00.312Z] [worker-pool] Adding worker with key us-central1-placesNearby, total=1 {"metadata":{"emulator":{"name":"functions"},"message":"[worker-pool] Adding worker with key us-central1-placesNearby, total=1"}}
[debug] [2021-11-14T03:30:00.312Z] [worker-pool] submitWork(triggerId=us-central1-placesNearby) {"metadata":{"emulator":{"name":"functions"},"message":"[worker-pool] submitWork(triggerId=us-central1-placesNearby)"}}
[debug] [2021-11-14T03:30:00.312Z] [worker-us-central1-placesNearby-90de11f8-b16a-4f2f-9424-d47dc5e7752f]: Assigning socketPath: /tmp/fire_emu_59469.sock {"metadata":{"emulator":{"name":"functions"},"message":"[worker-us-central1-placesNearby-90de11f8-b16a-4f2f-9424-d47dc5e7752f]: Assigning socketPath: /tmp/fire_emu_59469.sock"}}
[debug] [2021-11-14T03:30:00.313Z] [worker-us-central1-placesNearby-90de11f8-b16a-4f2f-9424-d47dc5e7752f]: BUSY {"metadata":{"emulator":{"name":"functions"},"message":"[worker-us-central1-placesNearby-90de11f8-b16a-4f2f-9424-d47dc5e7752f]: BUSY"}}
[debug] [2021-11-14T03:30:00.441Z] [runtime-status] [59469] Functions runtime initialized. {"cwd":"/home/joel/Projects/Tps/ReactNative-courses/MealsToGo/functions","node_version":"12.18.3"} {"metadata":{"emulator":{"name":"functions"},"function":{"name":"us-central1-placesNearby"},"message":"[runtime-status] [59469] Functions runtime initialized. {\"cwd\":\"/home/joel/Projects/Tps/ReactNative-courses/MealsToGo/functions\",\"node_version\":\"12.18.3\"}"}}
[debug] [2021-11-14T03:30:00.443Z] [runtime-status] [59469] Disabled runtime features: undefined {"metadata":{"emulator":{"name":"functions"},"function":{"name":"us-central1-placesNearby"},"message":"[runtime-status] [59469] Disabled runtime features: undefined"}}
[debug] [2021-11-14T03:30:00.447Z] [runtime-status] [59469] Resolved module firebase-admin {"declared":true,"installed":true,"version":"9.12.0","resolution":"/home/joel/Projects/Tps/ReactNative-courses/MealsToGo/functions/node_modules/firebase-admin/lib/index.js"} {"metadata":{"emulator":{"name":"functions"},"function":{"name":"us-central1-placesNearby"},"message":"[runtime-status] [59469] Resolved module firebase-admin {\"declared\":true,\"installed\":true,\"version\":\"9.12.0\",\"resolution\":\"/home/joel/Projects/Tps/ReactNative-courses/MealsToGo/functions/node_modules/firebase-admin/lib/index.js\"}"}}
[debug] [2021-11-14T03:30:00.448Z] [runtime-status] [59469] Resolved module firebase-functions {"declared":true,"installed":true,"version":"3.16.0","resolution":"/home/joel/Projects/Tps/ReactNative-courses/MealsToGo/functions/node_modules/firebase-functions/lib/index.js"} {"metadata":{"emulator":{"name":"functions"},"function":{"name":"us-central1-placesNearby"},"message":"[runtime-status] [59469] Resolved module firebase-functions {\"declared\":true,\"installed\":true,\"version\":\"3.16.0\",\"resolution\":\"/home/joel/Projects/Tps/ReactNative-courses/MealsToGo/functions/node_modules/firebase-functions/lib/index.js\"}"}}
[debug] [2021-11-14T03:30:00.450Z] [runtime-status] [59469] Outgoing network have been stubbed. [{"name":"http","status":"mocked"},{"name":"http","status":"mocked"},{"name":"https","status":"mocked"},{"name":"https","status":"mocked"},{"name":"net","status":"mocked"}] {"metadata":{"emulator":{"name":"functions"},"function":{"name":"us-central1-placesNearby"},"message":"[runtime-status] [59469] Outgoing network have been stubbed. [{\"name\":\"http\",\"status\":\"mocked\"},{\"name\":\"http\",\"status\":\"mocked\"},{\"name\":\"https\",\"status\":\"mocked\"},{\"name\":\"https\",\"status\":\"mocked\"},{\"name\":\"net\",\"status\":\"mocked\"}]"}}
[debug] [2021-11-14T03:30:00.451Z] [runtime-status] [59469] Resolved module firebase-functions {"declared":true,"installed":true,"version":"3.16.0","resolution":"/home/joel/Projects/Tps/ReactNative-courses/MealsToGo/functions/node_modules/firebase-functions/lib/index.js"} {"metadata":{"emulator":{"name":"functions"},"function":{"name":"us-central1-placesNearby"},"message":"[runtime-status] [59469] Resolved module firebase-functions {\"declared\":true,\"installed\":true,\"version\":\"3.16.0\",\"resolution\":\"/home/joel/Projects/Tps/ReactNative-courses/MealsToGo/functions/node_modules/firebase-functions/lib/index.js\"}"}}
[debug] [2021-11-14T03:30:00.491Z] [runtime-status] [59469] Checked functions.config() {"config":{"geocodeplaces":{"key":"AIzaSyAp96TbAiJiMnohjZ8NHmyU4kxxfcPC_Wk"}}} {"metadata":{"emulator":{"name":"functions"},"function":{"name":"us-central1-placesNearby"},"message":"[runtime-status] [59469] Checked functions.config() {\"config\":{\"geocodeplaces\":{\"key\":\"AIzaSyAp96TbAiJiMnohjZ8NHmyU4kxxfcPC_Wk\"}}}"}}
[debug] [2021-11-14T03:30:00.491Z] [runtime-status] [59469] firebase-functions has been stubbed. {"functionsResolution":{"declared":true,"installed":true,"version":"3.16.0","resolution":"/home/joel/Projects/Tps/ReactNative-courses/MealsToGo/functions/node_modules/firebase-functions/lib/index.js"}} {"metadata":{"emulator":{"name":"functions"},"function":{"name":"us-central1-placesNearby"},"message":"[runtime-status] [59469] firebase-functions has been stubbed. {\"functionsResolution\":{\"declared\":true,\"installed\":true,\"version\":\"3.16.0\",\"resolution\":\"/home/joel/Projects/Tps/ReactNative-courses/MealsToGo/functions/node_modules/firebase-functions/lib/index.js\"}}"}}
[debug] [2021-11-14T03:30:00.492Z] [runtime-status] [59469] Resolved module firebase-functions {"declared":true,"installed":true,"version":"3.16.0","resolution":"/home/joel/Projects/Tps/ReactNative-courses/MealsToGo/functions/node_modules/firebase-functions/lib/index.js"} {"metadata":{"emulator":{"name":"functions"},"function":{"name":"us-central1-placesNearby"},"message":"[runtime-status] [59469] Resolved module firebase-functions {\"declared\":true,\"installed\":true,\"version\":\"3.16.0\",\"resolution\":\"/home/joel/Projects/Tps/ReactNative-courses/MealsToGo/functions/node_modules/firebase-functions/lib/index.js\"}"}}
[debug] [2021-11-14T03:30:00.494Z] [runtime-status] [59469] Resolved module firebase-admin {"declared":true,"installed":true,"version":"9.12.0","resolution":"/home/joel/Projects/Tps/ReactNative-courses/MealsToGo/functions/node_modules/firebase-admin/lib/index.js"} {"metadata":{"emulator":{"name":"functions"},"function":{"name":"us-central1-placesNearby"},"message":"[runtime-status] [59469] Resolved module firebase-admin {\"declared\":true,\"installed\":true,\"version\":\"9.12.0\",\"resolution\":\"/home/joel/Projects/Tps/ReactNative-courses/MealsToGo/functions/node_modules/firebase-admin/lib/index.js\"}"}}
[debug] [2021-11-14T03:30:00.494Z] [runtime-status] [59469] Resolved module firebase-functions {"declared":true,"installed":true,"version":"3.16.0","resolution":"/home/joel/Projects/Tps/ReactNative-courses/MealsToGo/functions/node_modules/firebase-functions/lib/index.js"} {"metadata":{"emulator":{"name":"functions"},"function":{"name":"us-central1-placesNearby"},"message":"[runtime-status] [59469] Resolved module firebase-functions {\"declared\":true,\"installed\":true,\"version\":\"3.16.0\",\"resolution\":\"/home/joel/Projects/Tps/ReactNative-courses/MealsToGo/functions/node_modules/firebase-functions/lib/index.js\"}"}}
[debug] [2021-11-14T03:30:00.494Z] [runtime-status] [59469] firebase-admin has been stubbed. {"adminResolution":{"declared":true,"installed":true,"version":"9.12.0","resolution":"/home/joel/Projects/Tps/ReactNative-courses/MealsToGo/functions/node_modules/firebase-admin/lib/index.js"}} {"metadata":{"emulator":{"name":"functions"},"function":{"name":"us-central1-placesNearby"},"message":"[runtime-status] [59469] firebase-admin has been stubbed. {\"adminResolution\":{\"declared\":true,\"installed\":true,\"version\":\"9.12.0\",\"resolution\":\"/home/joel/Projects/Tps/ReactNative-courses/MealsToGo/functions/node_modules/firebase-admin/lib/index.js\"}}"}}
[debug] [2021-11-14T03:30:00.545Z] [runtime-status] [59469] Trigger "us-central1-placesNearby" has been found, beginning invocation! {"metadata":{"emulator":{"name":"functions"},"function":{"name":"us-central1-placesNearby"},"message":"[runtime-status] [59469] Trigger \"us-central1-placesNearby\" has been found, beginning invocation!"}}
[info] i  functions: Beginning execution of "us-central1-placesNearby" {"metadata":{"emulator":{"name":"functions"},"function":{"name":"us-central1-placesNearby"},"message":"Beginning execution of \"us-central1-placesNearby\""}}
[debug] [2021-11-14T03:30:00.546Z] [runtime-status] [59469] triggerDefinition {"httpsTrigger":{},"name":"placesNearby","entryPoint":"placesNearby","regions":["us-central1"],"region":"us-central1","id":"us-central1-placesNearby"} {"metadata":{"emulator":{"name":"functions"},"function":{"name":"us-central1-placesNearby"},"message":"[runtime-status] [59469] triggerDefinition {\"httpsTrigger\":{},\"name\":\"placesNearby\",\"entryPoint\":\"placesNearby\",\"regions\":[\"us-central1\"],\"region\":\"us-central1\",\"id\":\"us-central1-placesNearby\"}"}}
[debug] [2021-11-14T03:30:00.546Z] [runtime-status] [59469] Running us-central1-placesNearby in signature http {"metadata":{"emulator":{"name":"functions"},"function":{"name":"us-central1-placesNearby"},"message":"[runtime-status] [59469] Running us-central1-placesNearby in signature http"}}
[debug] [2021-11-14T03:30:00.549Z] [runtime-status] [59469] Attempting to listen to socketPath: /tmp/fire_emu_59469.sock {"metadata":{"emulator":{"name":"functions"},"function":{"name":"us-central1-placesNearby"},"message":"[runtime-status] [59469] Attempting to listen to socketPath: /tmp/fire_emu_59469.sock"}}
[debug] [2021-11-14T03:30:00.551Z] [functions] Runtime ready! Sending request! {"metadata":{"emulator":{"name":"functions"},"message":"[functions] Runtime ready! Sending request!"}}
[debug] [2021-11-14T03:30:00.552Z] [functions] Got req.url=/mealstogo-8109e/us-central1/placesNearby?location=37.7749295,-122.4194155, mapping to path=/?location=37.7749295,-122.4194155 {"metadata":{"emulator":{"name":"functions"},"message":"[functions] Got req.url=/mealstogo-8109e/us-central1/placesNearby?location=37.7749295,-122.4194155, mapping to path=/?location=37.7749295,-122.4194155"}}
[debug] [2021-11-14T03:30:00.559Z] [runtime-status] [59469] Ephemeral server handling GET request {"metadata":{"emulator":{"name":"functions"},"function":{"name":"us-central1-placesNearby"},"message":"[runtime-status] [59469] Ephemeral server handling GET request"}}
[debug] [2021-11-14T03:30:00.581Z] [runtime-status] [59469] Ephemeral server survived. {"metadata":{"emulator":{"name":"functions"},"function":{"name":"us-central1-placesNearby"},"message":"[runtime-status] [59469] Ephemeral server survived."}}
[info] i  functions: Finished "us-central1-placesNearby" in ~1s {"metadata":{"emulator":{"name":"functions"},"function":{"name":"us-central1-placesNearby"},"message":"Finished \"us-central1-placesNearby\" in ~1s"}}
[debug] [2021-11-14T03:30:01.598Z] [worker-us-central1-placesNearby-90de11f8-b16a-4f2f-9424-d47dc5e7752f]: IDLE {"metadata":{"emulator":{"name":"functions"},"message":"[worker-us-central1-placesNearby-90de11f8-b16a-4f2f-9424-d47dc5e7752f]: IDLE"}}
[debug] [2021-11-14T03:30:01.598Z] [work-queue] {"queueLength":0,"workRunningCount":0}
